#
# A fatal error has been detected by the Java Runtime Environment:
#
#  SIGSEGV (0xb) at pc=0x00007f66a50696ba, pid=4319, tid=140078492636928
#
# JRE version: Java(TM) SE Runtime Environment (8.0_60-b27) (build 1.8.0_60-b27)
# Java VM: Java HotSpot(TM) 64-Bit Server VM (25.60-b23 mixed mode linux-amd64 compressed oops)
# Problematic frame:
# v  ~BufferBlob::jni_fast_GetLongField
#
# Failed to write core dump. Core dumps have been disabled. To enable core dumping, try "ulimit -c unlimited" before starting Java again
#
# If you would like to submit a bug report, please visit:
#   http://bugreport.java.com/bugreport/crash.jsp
# The crash happened outside the Java Virtual Machine in native code.
# See problematic frame for where to report the bug.
#

---------------  T H R E A D  ---------------

Current thread (0x00007f66b4235000):  JavaThread "AWT-XAWT" daemon [_thread_in_native, id=4338, stack(0x00007f6690bb5000,0x00007f6690cb6000)]

siginfo: si_signo: 11 (SIGSEGV), si_code: 1 (SEGV_MAPERR), si_addr: 0x0000000000000000

Registers:
RAX=0x00007f66bbb0cda0, RBX=0x00007f66b42351f8, RCX=0x00007f66bc56a320, RDX=0x0000000000000042
RSP=0x00007f6690cb4778, RBP=0x00007f6690cb47a0, RSI=0x0000000000000000, RDI=0x00007f66b42351f8
R8 =0x00000000d9190d08, R9 =0x0000000000000000, R10=0x00000000000000e2, R11=0x00007f66a53f0d98
R12=0x00007f665c111770, R13=0x0000000000000000, R14=0x00007f6692a3f7e0, R15=0x00007f66b4235000
RIP=0x00007f66a50696ba, EFLAGS=0x0000000000010246, CSGSFS=0x0000000000000033, ERR=0x0000000000000004
  TRAPNO=0x000000000000000e

Top of Stack: (sp=0x00007f6690cb4778)
0x00007f6690cb4778:   00007f669281de61 00007f66a4ca1ca8
0x00007f6690cb4788:   00007f665c111770 00007f6690cb4850
0x00007f6690cb4798:   00007f6690cb4820 0000000000000000
0x00007f6690cb47a8:   00007f6692301ae8 00007f66a4ca1ca8
0x00007f6690cb47b8:   00007f6690cb47e0 0000000000000000
0x00007f6690cb47c8:   00007f66922f99a3 00007f6690cb4850
0x00007f6690cb47d8:   00007f669281709f 00007f6690cb4830
0x00007f6690cb47e8:   00007f66a53f0e36 0000000000000000
0x00007f6690cb47f8:   00007f66a5254776 00007f6690cb4850
0x00007f6690cb4808:   00007f66a516b9ec 00000000d91b6650
0x00007f6690cb4818:   00007f66a52890b4 0000000084800810
0x00007f6690cb4828:   00000000d91c89e8 00007f6690cb48b0
0x00007f6690cb4838:   00007f66a5007420 00007f6690cb48b0
0x00007f6690cb4848:   00007f66a5007420 0000000000000000
0x00007f6690cb4858:   00007f66a5007760 00007f6664000e30
0x00007f6690cb4868:   00000000d91b6650 00007f6690cb4870
0x00007f6690cb4878:   00007f66a4c80acc 00007f6690cb48f8
0x00007f6690cb4888:   00007f66a4c89a50 0000000000000000
0x00007f6690cb4898:   00007f66a4c80c08 00007f6690cb4850
0x00007f6690cb48a8:   00007f6690cb48f0 00007f6690cb4940
0x00007f6690cb48b8:   00007f66a5007c4d 0000000000000000
0x00007f6690cb48c8:   00000000d7ba5eb8 0000000000000000
0x00007f6690cb48d8:   0000000000000000 0000000000000000
0x00007f6690cb48e8:   00000000d91b6650 0000000000000000
0x00007f6690cb48f8:   00000000d9180ef0 00007f6690cb4900
0x00007f6690cb4908:   00007f66a4c8090d 00007f6690cb4950
0x00007f6690cb4918:   00007f66a4c89a50 0000000000000000
0x00007f6690cb4928:   00007f66a4c80918 00007f6690cb48f0
0x00007f6690cb4938:   00007f6690cb4950 00007f6690cb4998
0x00007f6690cb4948:   00007f66a5007c92 00000000d9180ef0
0x00007f6690cb4958:   00007f6690cb4958 00007f66a482d9cb
0x00007f6690cb4968:   00007f6690cb49a8 00007f66a48b4480 

Instructions: (pc=0x00007f66a50696ba)
0x00007f66a506969a:   00 00 00 00 00 00 44 8b 15 81 dc ad 16 4c 8b ce
0x00007f66a50696aa:   41 f6 c2 01 0f 85 2e 00 00 00 4d 33 ca 4d 33 ca
0x00007f66a50696ba:   4d 8b 09 4c 8b da 49 c1 eb 02 4b 8b 04 19 49 bb
0x00007f66a50696ca:   28 73 b4 bb 66 7f 00 00 4c 33 d8 4c 33 d8 45 3b 

Register to memory mapping:

RAX=0x00007f66bbb0cda0: <offset 0xf74da0> in /usr/local/java/jdk1.8.0_60/jre/lib/amd64/server/libjvm.so at 0x00007f66bab98000
RBX=0x00007f66b42351f8 is an unknown value
RCX=0x00007f66bc56a320: <offset 0x219320> in /lib/x86_64-linux-gnu/libpthread.so.0 at 0x00007f66bc351000
RDX=0x0000000000000042 is an unknown value
RSP=0x00007f6690cb4778 is pointing into the stack for thread: 0x00007f66b4235000
RBP=0x00007f6690cb47a0 is pointing into the stack for thread: 0x00007f66b4235000
RSI=0x0000000000000000 is an unknown value
RDI=0x00007f66b42351f8 is an unknown value
R8 =0x00000000d9190d08 is an oop
sun.util.logging.PlatformLogger$Level 
 - klass: 'sun/util/logging/PlatformLogger$Level'
R9 =0x0000000000000000 is an unknown value
R10=0x00000000000000e2 is an unknown value
R11=0x00007f66a53f0d98 is at entry_point+24 in (nmethod*)0x00007f66a53f0c10
R12=0x00007f665c111770 is an unknown value
R13=0x0000000000000000 is an unknown value
R14=0x00007f6692a3f7e0: <offset 0x2587e0> in /usr/local/java/jdk1.8.0_60/jre/lib/amd64/libawt_xawt.so at 0x00007f66927e7000
R15=0x00007f66b4235000 is a thread


Stack: [0x00007f6690bb5000,0x00007f6690cb6000],  sp=0x00007f6690cb4778,  free space=1021k
Native frames: (J=compiled Java code, j=interpreted, Vv=VM code, C=native code)
v  ~BufferBlob::jni_fast_GetLongField
C  [libX11.so.6+0x61ae8]  _XimServerDestroy+0x58

Java frames: (J=compiled Java code, j=interpreted, Vv=VM code)
J 1239  sun.awt.X11.XlibWrapper.XFilterEvent(JJ)Z (0 bytes) @ 0x00007f66a53f0dc4 [0x00007f66a53f0d80+0x44]
j  sun.awt.X11.XToolkit.run(Z)V+300
j  sun.awt.X11.XToolkit.run()V+5
j  java.lang.Thread.run()V+11
v  ~StubRoutines::call_stub

---------------  P R O C E S S  ---------------

Java Threads: ( => current thread )
  0x00007f665c15d800 JavaThread "Thread-2" [_thread_blocked, id=4346, stack(0x00007f665754f000,0x00007f6657650000)]
  0x00007f665c15b800 JavaThread "Thread-1" [_thread_blocked, id=4345, stack(0x00007f6657650000,0x00007f6657751000)]
  0x00007f665c159800 JavaThread "Thread-0" [_thread_in_Java, id=4344, stack(0x00007f6657751000,0x00007f6657852000)]
  0x00007f665c157800 JavaThread "TimerQueue" daemon [_thread_blocked, id=4343, stack(0x00007f6657852000,0x00007f6657953000)]
  0x00007f66b4009800 JavaThread "DestroyJavaVM" [_thread_blocked, id=4323, stack(0x00007f66bc672000,0x00007f66bc773000)]
  0x00007f66b4267000 JavaThread "AWT-EventQueue-0" [_thread_blocked, id=4340, stack(0x00007f669058b000,0x00007f669068c000)]
  0x00007f66b4266000 JavaThread "AWT-Shutdown" [_thread_blocked, id=4339, stack(0x00007f669068c000,0x00007f669078d000)]
=>0x00007f66b4235000 JavaThread "AWT-XAWT" daemon [_thread_in_native, id=4338, stack(0x00007f6690bb5000,0x00007f6690cb6000)]
  0x00007f66b421c800 JavaThread "Java2D Disposer" daemon [_thread_blocked, id=4337, stack(0x00007f66910c6000,0x00007f66911c7000)]
  0x00007f66b40c7800 JavaThread "Service Thread" daemon [_thread_blocked, id=4335, stack(0x00007f6692e13000,0x00007f6692f14000)]
  0x00007f66b40ba800 JavaThread "C1 CompilerThread2" daemon [_thread_blocked, id=4334, stack(0x00007f6692f14000,0x00007f6693015000)]
  0x00007f66b40b8800 JavaThread "C2 CompilerThread1" daemon [_thread_blocked, id=4333, stack(0x00007f6693015000,0x00007f6693116000)]
  0x00007f66b40b5800 JavaThread "C2 CompilerThread0" daemon [_thread_blocked, id=4332, stack(0x00007f6693116000,0x00007f6693217000)]
  0x00007f66b40b4800 JavaThread "Signal Dispatcher" daemon [_thread_blocked, id=4331, stack(0x00007f6693217000,0x00007f6693318000)]
  0x00007f66b407e800 JavaThread "Finalizer" daemon [_thread_blocked, id=4330, stack(0x00007f66939fa000,0x00007f6693afb000)]
  0x00007f66b407c800 JavaThread "Reference Handler" daemon [_thread_blocked, id=4329, stack(0x00007f6693afb000,0x00007f6693bfc000)]

Other Threads:
  0x00007f66b4077800 VMThread [stack: 0x00007f6693bfc000,0x00007f6693cfd000] [id=4328]
  0x00007f66b40ca800 WatcherThread [stack: 0x00007f6692d12000,0x00007f6692e13000] [id=4336]

VM state:not at safepoint (normal execution)

VM Mutex/Monitor currently owned by a thread: None

Heap:
 PSYoungGen      total 36864K, used 14475K [0x00000000d6d80000, 0x00000000d9680000, 0x0000000100000000)
  eden space 31744K, 36% used [0x00000000d6d80000,0x00000000d78d9c28,0x00000000d8c80000)
  from space 5120K, 55% used [0x00000000d9180000,0x00000000d9449050,0x00000000d9680000)
  to   space 5120K, 0% used [0x00000000d8c80000,0x00000000d8c80000,0x00000000d9180000)
 ParOldGen       total 84992K, used 32K [0x0000000084800000, 0x0000000089b00000, 0x00000000d6d80000)
  object space 84992K, 0% used [0x0000000084800000,0x0000000084808000,0x0000000089b00000)
 Metaspace       used 15304K, capacity 15450K, committed 15744K, reserved 1062912K
  class space    used 1803K, capacity 1863K, committed 1920K, reserved 1048576K

Card table byte_map: [0x00007f66b905b000,0x00007f66b9438000] byte_map_base: 0x00007f66b8c37000

Marking Bits: (ParMarkBitMap*) 0x00007f66bbb46de0
 Begin Bits: [0x00007f669c240000, 0x00007f669e120000)
 End Bits:   [0x00007f669e120000, 0x00007f66a0000000)

Polling page: 0x00007f66bc78e000

CodeCache: size=245760Kb used=6312Kb max_used=6312Kb free=239447Kb
 bounds [0x00007f66a5000000, 0x00007f66a5640000, 0x00007f66b4000000]
 total_blobs=2384 nmethods=1806 adapters=491
 compilation: enabled

Compilation events (10 events):
Event: 11756.245 Thread 0x00007f66b40ba800 1902       3       sun.awt.X11.MotifDnDDropTargetProtocol::getMessageType (98 bytes)
Event: 11756.245 Thread 0x00007f66b40ba800 nmethod 1902 0x00007f66a562dc90 code [0x00007f66a562de80, 0x00007f66a562e658]
Event: 11969.249 Thread 0x00007f66b40b5800 1903       4       java.util.Vector$Itr::hasNext (20 bytes)
Event: 11969.250 Thread 0x00007f66b40b5800 nmethod 1903 0x00007f66a5331990 code [0x00007f66a5331ae0, 0x00007f66a5331b78]
Event: 11972.822 Thread 0x00007f66b40ba800 1904 % !   3       sun.awt.AWTAutoShutdown::run @ 40 (159 bytes)
Event: 11972.823 Thread 0x00007f66b40ba800 nmethod 1904% 0x00007f66a5606990 code [0x00007f66a5606ba0, 0x00007f66a56078c8]
Event: 12157.622 Thread 0x00007f66b40ba800 1905 % !   3       sun.awt.AWTAutoShutdown::run @ 20 (159 bytes)
Event: 12157.623 Thread 0x00007f66b40ba800 nmethod 1905% 0x00007f66a5605490 code [0x00007f66a56056a0, 0x00007f66a5606348]
Event: 12338.643 Thread 0x00007f66b40ba800 1906   !   3       sun.awt.AWTAutoShutdown::run (159 bytes)
Event: 12338.643 Thread 0x00007f66b40ba800 nmethod 1906 0x00007f66a562ca90 code [0x00007f66a562cc80, 0x00007f66a562d728]

GC Heap History (4 events):
Event: 3791.666 GC heap before
{Heap before GC invocations=1 (full 0):
 PSYoungGen      total 36864K, used 31744K [0x00000000d6d80000, 0x00000000d9680000, 0x0000000100000000)
  eden space 31744K, 100% used [0x00000000d6d80000,0x00000000d8c80000,0x00000000d8c80000)
  from space 5120K, 0% used [0x00000000d9180000,0x00000000d9180000,0x00000000d9680000)
  to   space 5120K, 0% used [0x00000000d8c80000,0x00000000d8c80000,0x00000000d9180000)
 ParOldGen       total 84992K, used 0K [0x0000000084800000, 0x0000000089b00000, 0x00000000d6d80000)
  object space 84992K, 0% used [0x0000000084800000,0x0000000084800000,0x0000000089b00000)
 Metaspace       used 15289K, capacity 15450K, committed 15744K, reserved 1062912K
  class space    used 1802K, capacity 1863K, committed 1920K, reserved 1048576K
Event: 3791.673 GC heap after
Heap after GC invocations=1 (full 0):
 PSYoungGen      total 36864K, used 3042K [0x00000000d6d80000, 0x00000000d9680000, 0x0000000100000000)
  eden space 31744K, 0% used [0x00000000d6d80000,0x00000000d6d80000,0x00000000d8c80000)
  from space 5120K, 59% used [0x00000000d8c80000,0x00000000d8f78840,0x00000000d9180000)
  to   space 5120K, 0% used [0x00000000d9180000,0x00000000d9180000,0x00000000d9680000)
 ParOldGen       total 84992K, used 24K [0x0000000084800000, 0x0000000089b00000, 0x00000000d6d80000)
  object space 84992K, 0% used [0x0000000084800000,0x0000000084806000,0x0000000089b00000)
 Metaspace       used 15289K, capacity 15450K, committed 15744K, reserved 1062912K
  class space    used 1802K, capacity 1863K, committed 1920K, reserved 1048576K
}
Event: 10906.469 GC heap before
{Heap before GC invocations=2 (full 0):
 PSYoungGen      total 36864K, used 34786K [0x00000000d6d80000, 0x00000000d9680000, 0x0000000100000000)
  eden space 31744K, 100% used [0x00000000d6d80000,0x00000000d8c80000,0x00000000d8c80000)
  from space 5120K, 59% used [0x00000000d8c80000,0x00000000d8f78840,0x00000000d9180000)
  to   space 5120K, 0% used [0x00000000d9180000,0x00000000d9180000,0x00000000d9680000)
 ParOldGen       total 84992K, used 24K [0x0000000084800000, 0x0000000089b00000, 0x00000000d6d80000)
  object space 84992K, 0% used [0x0000000084800000,0x0000000084806000,0x0000000089b00000)
 Metaspace       used 15293K, capacity 15450K, committed 15744K, reserved 1062912K
  class space    used 1802K, capacity 1863K, committed 1920K, reserved 1048576K
Event: 10906.475 GC heap after
Heap after GC invocations=2 (full 0):
 PSYoungGen      total 36864K, used 2852K [0x00000000d6d80000, 0x00000000d9680000, 0x0000000100000000)
  eden space 31744K, 0% used [0x00000000d6d80000,0x00000000d6d80000,0x00000000d8c80000)
  from space 5120K, 55% used [0x00000000d9180000,0x00000000d9449050,0x00000000d9680000)
  to   space 5120K, 0% used [0x00000000d8c80000,0x00000000d8c80000,0x00000000d9180000)
 ParOldGen       total 84992K, used 32K [0x0000000084800000, 0x0000000089b00000, 0x00000000d6d80000)
  object space 84992K, 0% used [0x0000000084800000,0x0000000084808000,0x0000000089b00000)
 Metaspace       used 15293K, capacity 15450K, committed 15744K, reserved 1062912K
  class space    used 1802K, capacity 1863K, committed 1920K, reserved 1048576K
}

Deoptimization events (10 events):
Event: 4.404 Thread 0x00007f66b4267000 Uncommon trap: reason=class_check action=maybe_recompile pc=0x00007f66a515b7f0 method=java.lang.String.equals(Ljava/lang/Object;)Z @ 8
Event: 4.404 Thread 0x00007f66b4267000 Uncommon trap: reason=class_check action=maybe_recompile pc=0x00007f66a515b7f0 method=java.lang.String.equals(Ljava/lang/Object;)Z @ 8
Event: 4.404 Thread 0x00007f66b4267000 Uncommon trap: reason=class_check action=maybe_recompile pc=0x00007f66a515b7f0 method=java.lang.String.equals(Ljava/lang/Object;)Z @ 8
Event: 4.435 Thread 0x00007f66b4267000 Uncommon trap: reason=bimorphic action=maybe_recompile pc=0x00007f66a521f728 method=java.util.HashMap.putVal(ILjava/lang/Object;Ljava/lang/Object;ZZ)Ljava/lang/Object; @ 253
Event: 4.435 Thread 0x00007f66b4267000 Uncommon trap: reason=bimorphic action=maybe_recompile pc=0x00007f66a521f728 method=java.util.HashMap.putVal(ILjava/lang/Object;Ljava/lang/Object;ZZ)Ljava/lang/Object; @ 253
Event: 4.435 Thread 0x00007f66b4267000 Uncommon trap: reason=bimorphic action=maybe_recompile pc=0x00007f66a521f728 method=java.util.HashMap.putVal(ILjava/lang/Object;Ljava/lang/Object;ZZ)Ljava/lang/Object; @ 253
Event: 4.435 Thread 0x00007f66b4267000 Uncommon trap: reason=bimorphic action=maybe_recompile pc=0x00007f66a521f728 method=java.util.HashMap.putVal(ILjava/lang/Object;Ljava/lang/Object;ZZ)Ljava/lang/Object; @ 253
Event: 4.504 Thread 0x00007f66b4267000 Uncommon trap: reason=unstable_if action=reinterpret pc=0x00007f66a530d33c method=javax.swing.DefaultBoundedRangeModel.setRangeProperties(IIIIZ)V @ 34
Event: 3791.673 Thread 0x00007f665c15d800 Uncommon trap: reason=unstable_if action=reinterpret pc=0x00007f66a55c2c58 method=java.lang.ref.SoftReference.get()Ljava/lang/Object; @ 17
Event: 10906.476 Thread 0x00007f665c15d800 Uncommon trap: reason=unstable_if action=reinterpret pc=0x00007f66a55c9910 method=java.lang.ref.SoftReference.get()Ljava/lang/Object; @ 17

Internal exceptions (10 events):
Event: 0.314 Thread 0x00007f66b4009800 Exception <a 'java/lang/ClassNotFoundException': Tree> (0x00000000d7339378) thrown at [/HUDSON/workspace/8-2-build-linux-amd64/jdk8u60/4407/hotspot/src/share/vm/classfile/systemDictionary.cpp, line 210]
Event: 0.314 Thread 0x00007f66b4009800 Exception <a 'java/lang/ClassNotFoundException': Tree> (0x00000000d7339ab8) thrown at [/HUDSON/workspace/8-2-build-linux-amd64/jdk8u60/4407/hotspot/src/share/vm/classfile/systemDictionary.cpp, line 210]
Event: 0.314 Thread 0x00007f66b4009800 Exception <a 'java/lang/ClassNotFoundException': javax/swing/JTreeCell> (0x00000000d7339e38) thrown at [/HUDSON/workspace/8-2-build-linux-amd64/jdk8u60/4407/hotspot/src/share/vm/classfile/systemDictionary.cpp, line 210]
Event: 0.314 Thread 0x00007f66b4009800 Exception <a 'java/lang/ClassNotFoundException': TreeCell> (0x00000000d733a2c0) thrown at [/HUDSON/workspace/8-2-build-linux-amd64/jdk8u60/4407/hotspot/src/share/vm/classfile/systemDictionary.cpp, line 210]
Event: 0.315 Thread 0x00007f66b4009800 Exception <a 'java/lang/ClassNotFoundException': RootPane> (0x00000000d733ad20) thrown at [/HUDSON/workspace/8-2-build-linux-amd64/jdk8u60/4407/hotspot/src/share/vm/classfile/systemDictionary.cpp, line 210]
Event: 0.343 Thread 0x00007f66b4267000 Implicit null exception at 0x00007f66a51c5575 to 0x00007f66a51c58d9
Event: 0.343 Thread 0x00007f66b4267000 Implicit null exception at 0x00007f66a51c5eb5 to 0x00007f66a51c620d
Event: 0.551 Thread 0x00007f66b4267000 Exception <a 'java/lang/UnsupportedOperationException': > (0x00000000d76d4db0) thrown at [/HUDSON/workspace/8-2-build-linux-amd64/jdk8u60/4407/hotspot/src/share/vm/prims/jni.cpp, line 735]
Event: 4.582 Thread 0x00007f66b4267000 Exception <a 'java/lang/UnsupportedOperationException': > (0x00000000d780fc38) thrown at [/HUDSON/workspace/8-2-build-linux-amd64/jdk8u60/4407/hotspot/src/share/vm/prims/jni.cpp, line 735]
Event: 23.420 Thread 0x00007f66b4267000 Exception <a 'java/lang/UnsupportedOperationException': > (0x00000000d7bc32a0) thrown at [/HUDSON/workspace/8-2-build-linux-amd64/jdk8u60/4407/hotspot/src/share/vm/prims/jni.cpp, line 735]

Events (10 events):
Event: 3938.600 Thread 0x00007f66b40b8800 flushing nmethod 0x00007f66a534a6d0
Event: 3938.600 Thread 0x00007f66b40b8800 flushing nmethod 0x00007f66a534ae10
Event: 3938.600 Thread 0x00007f66b40b8800 flushing nmethod 0x00007f66a5359850
Event: 10906.469 Executing VM operation: ParallelGCFailedAllocation
Event: 10906.475 Executing VM operation: ParallelGCFailedAllocation done
Event: 10906.476 Thread 0x00007f665c15d800 Uncommon trap: trap_request=0xffffff65 fr.pc=0x00007f66a55c9910
Event: 10906.476 Thread 0x00007f665c15d800 DEOPT PACKING pc=0x00007f66a55c9910 sp=0x00007f665764e600
Event: 10906.476 Thread 0x00007f665c15d800 DEOPT UNPACKING pc=0x00007f66a5005229 sp=0x00007f665764e478 mode 2
Event: 13428.929 loading class sun/awt/X11/XDestroyWindowEvent
Event: 13428.929 loading class sun/awt/X11/XDestroyWindowEvent done


Dynamic libraries:
00400000-00401000 r-xp 00000000 08:09 951864                             /usr/local/java/jdk1.8.0_60/bin/java
00600000-00601000 rw-p 00000000 08:09 951864                             /usr/local/java/jdk1.8.0_60/bin/java
0062d000-0064e000 rw-p 00000000 00:00 0                                  [heap]
84800000-89b00000 rw-p 00000000 00:00 0 
89b00000-d6d80000 ---p 00000000 00:00 0 
d6d80000-d9680000 rw-p 00000000 00:00 0 
d9680000-100000000 ---p 00000000 00:00 0 
100000000-1001e0000 rw-p 00000000 00:00 0 
1001e0000-140000000 ---p 00000000 00:00 0 
7f663c000000-7f663c021000 rw-p 00000000 00:00 0 
7f663c021000-7f6640000000 ---p 00000000 00:00 0 
7f6644000000-7f6644021000 rw-p 00000000 00:00 0 
7f6644021000-7f6648000000 ---p 00000000 00:00 0 
7f6648000000-7f664828b000 rw-p 00000000 00:00 0 
7f664828b000-7f664c000000 ---p 00000000 00:00 0 
7f664c000000-7f664c021000 rw-p 00000000 00:00 0 
7f664c021000-7f6650000000 ---p 00000000 00:00 0 
7f6650000000-7f665002f000 rw-p 00000000 00:00 0 
7f665002f000-7f6654000000 ---p 00000000 00:00 0 
7f665754f000-7f6657552000 ---p 00000000 00:00 0 
7f6657552000-7f6657650000 rw-p 00000000 00:00 0                          [stack:4346]
7f6657650000-7f6657653000 ---p 00000000 00:00 0 
7f6657653000-7f6657751000 rw-p 00000000 00:00 0                          [stack:4345]
7f6657751000-7f6657754000 ---p 00000000 00:00 0 
7f6657754000-7f6657852000 rw-p 00000000 00:00 0                          [stack:4344]
7f6657852000-7f6657855000 ---p 00000000 00:00 0 
7f6657855000-7f6657ad3000 rw-p 00000000 00:00 0                          [stack:4343]
7f6657ad3000-7f6657b53000 ---p 00000000 00:00 0 
7f6657b53000-7f6657b7d000 r-xp 00000000 08:09 950228                     /usr/local/java/jdk1.8.0_60/jre/lib/amd64/libdcpr.so
7f6657b7d000-7f6657d7d000 ---p 0002a000 08:09 950228                     /usr/local/java/jdk1.8.0_60/jre/lib/amd64/libdcpr.so
7f6657d7d000-7f6657d80000 rw-p 0002a000 08:09 950228                     /usr/local/java/jdk1.8.0_60/jre/lib/amd64/libdcpr.so
7f6657d80000-7f6657de9000 r-xp 00000000 08:09 950220                     /usr/local/java/jdk1.8.0_60/jre/lib/amd64/libt2k.so
7f6657de9000-7f6657fe9000 ---p 00069000 08:09 950220                     /usr/local/java/jdk1.8.0_60/jre/lib/amd64/libt2k.so
7f6657fe9000-7f6657ff0000 rw-p 00069000 08:09 950220                     /usr/local/java/jdk1.8.0_60/jre/lib/amd64/libt2k.so
7f6657ff0000-7f6658000000 rw-p 00000000 00:00 0 
7f6658000000-7f6658021000 rw-p 00000000 00:00 0 
7f6658021000-7f665c000000 ---p 00000000 00:00 0 
7f665c000000-7f665c3a2000 rw-p 00000000 00:00 0 
7f665c3a2000-7f6660000000 ---p 00000000 00:00 0 
7f6660000000-7f6660021000 rw-p 00000000 00:00 0 
7f6660021000-7f6664000000 ---p 00000000 00:00 0 
7f6664000000-7f666402a000 rw-p 00000000 00:00 0 
7f666402a000-7f6668000000 ---p 00000000 00:00 0 
7f6668000000-7f6668021000 rw-p 00000000 00:00 0 
7f6668021000-7f666c000000 ---p 00000000 00:00 0 
7f666c000000-7f666c021000 rw-p 00000000 00:00 0 
7f666c021000-7f6670000000 ---p 00000000 00:00 0 
7f6670000000-7f6670f07000 rw-p 00000000 00:00 0 
7f6670f07000-7f6674000000 ---p 00000000 00:00 0 
7f6674000000-7f6674798000 rw-p 00000000 00:00 0 
7f6674798000-7f6678000000 ---p 00000000 00:00 0 
7f6678000000-7f6678021000 rw-p 00000000 00:00 0 
7f6678021000-7f667c000000 ---p 00000000 00:00 0 
7f667c000000-7f667ced8000 rw-p 00000000 00:00 0 
7f667ced8000-7f6680000000 ---p 00000000 00:00 0 
7f6680000000-7f6680021000 rw-p 00000000 00:00 0 
7f6680021000-7f6684000000 ---p 00000000 00:00 0 
7f6684000000-7f6684021000 rw-p 00000000 00:00 0 
7f6684021000-7f6688000000 ---p 00000000 00:00 0 
7f6688000000-7f6688021000 rw-p 00000000 00:00 0 
7f6688021000-7f668c000000 ---p 00000000 00:00 0 
7f668c000000-7f668c021000 rw-p 00000000 00:00 0 
7f668c021000-7f6690000000 ---p 00000000 00:00 0 
7f669004a000-7f669008a000 rw-s 00000000 00:04 164167689                  /SYSV00000000 (deleted)
7f669008a000-7f669028a000 rw-p 00000000 00:00 0 
7f669028a000-7f669028d000 ---p 00000000 00:00 0 
7f669028d000-7f669058b000 rw-p 00000000 00:00 0 
7f669058b000-7f669058e000 ---p 00000000 00:00 0 
7f669058e000-7f669068c000 rw-p 00000000 00:00 0                          [stack:4340]
7f669068c000-7f669068f000 ---p 00000000 00:00 0 
7f669068f000-7f669078d000 rw-p 00000000 00:00 0                          [stack:4339]
7f669078d000-7f669079e000 r-xp 00000000 08:09 950200                     /usr/local/java/jdk1.8.0_60/jre/lib/amd64/libnio.so
7f669079e000-7f669099d000 ---p 00011000 08:09 950200                     /usr/local/java/jdk1.8.0_60/jre/lib/amd64/libnio.so
7f669099d000-7f669099e000 rw-p 00010000 08:09 950200                     /usr/local/java/jdk1.8.0_60/jre/lib/amd64/libnio.so
7f669099e000-7f66909b4000 r-xp 00000000 08:09 950216                     /usr/local/java/jdk1.8.0_60/jre/lib/amd64/libnet.so
7f66909b4000-7f6690bb4000 ---p 00016000 08:09 950216                     /usr/local/java/jdk1.8.0_60/jre/lib/amd64/libnet.so
7f6690bb4000-7f6690bb5000 rw-p 00016000 08:09 950216                     /usr/local/java/jdk1.8.0_60/jre/lib/amd64/libnet.so
7f6690bb5000-7f6690bb8000 ---p 00000000 00:00 0 
7f6690bb8000-7f6690cb6000 rw-p 00000000 00:00 0                          [stack:4338]
7f6690cb6000-7f6690cbb000 r-xp 00000000 08:09 6771                       /usr/lib/x86_64-linux-gnu/libXfixes.so.3.1.0
7f6690cbb000-7f6690eba000 ---p 00005000 08:09 6771                       /usr/lib/x86_64-linux-gnu/libXfixes.so.3.1.0
7f6690eba000-7f6690ebb000 r--p 00004000 08:09 6771                       /usr/lib/x86_64-linux-gnu/libXfixes.so.3.1.0
7f6690ebb000-7f6690ebc000 rw-p 00005000 08:09 6771                       /usr/lib/x86_64-linux-gnu/libXfixes.so.3.1.0
7f6690ebc000-7f6690ec5000 r-xp 00000000 08:09 6763                       /usr/lib/x86_64-linux-gnu/libXcursor.so.1.0.2
7f6690ec5000-7f66910c4000 ---p 00009000 08:09 6763                       /usr/lib/x86_64-linux-gnu/libXcursor.so.1.0.2
7f66910c4000-7f66910c5000 r--p 00008000 08:09 6763                       /usr/lib/x86_64-linux-gnu/libXcursor.so.1.0.2
7f66910c5000-7f66910c6000 rw-p 00009000 08:09 6763                       /usr/lib/x86_64-linux-gnu/libXcursor.so.1.0.2
7f66910c6000-7f66910c9000 ---p 00000000 00:00 0 
7f66910c9000-7f66911c7000 rw-p 00000000 00:00 0                          [stack:4337]
7f66911c7000-7f66911dd000 r-xp 00000000 08:09 2232448                    /lib/x86_64-linux-gnu/libgcc_s.so.1
7f66911dd000-7f66913dc000 ---p 00016000 08:09 2232448                    /lib/x86_64-linux-gnu/libgcc_s.so.1
7f66913dc000-7f66913dd000 rw-p 00015000 08:09 2232448                    /lib/x86_64-linux-gnu/libgcc_s.so.1
7f66913dd000-7f6691443000 r-xp 00000000 08:09 950184                     /usr/local/java/jdk1.8.0_60/jre/lib/amd64/libfontmanager.so
7f6691443000-7f6691642000 ---p 00066000 08:09 950184                     /usr/local/java/jdk1.8.0_60/jre/lib/amd64/libfontmanager.so
7f6691642000-7f6691646000 rw-p 00065000 08:09 950184                     /usr/local/java/jdk1.8.0_60/jre/lib/amd64/libfontmanager.so
7f6691646000-7f6691657000 rw-p 00000000 00:00 0 
7f6691657000-7f669165c000 r-xp 00000000 08:09 6767                       /usr/lib/x86_64-linux-gnu/libXdmcp.so.6.0.0
7f669165c000-7f669185b000 ---p 00005000 08:09 6767                       /usr/lib/x86_64-linux-gnu/libXdmcp.so.6.0.0
7f669185b000-7f669185c000 r--p 00004000 08:09 6767                       /usr/lib/x86_64-linux-gnu/libXdmcp.so.6.0.0
7f669185c000-7f669185d000 rw-p 00005000 08:09 6767                       /usr/lib/x86_64-linux-gnu/libXdmcp.so.6.0.0
7f669185d000-7f669185f000 r-xp 00000000 08:09 6756                       /usr/lib/x86_64-linux-gnu/libXau.so.6.0.0
7f669185f000-7f6691a5f000 ---p 00002000 08:09 6756                       /usr/lib/x86_64-linux-gnu/libXau.so.6.0.0
7f6691a5f000-7f6691a60000 r--p 00002000 08:09 6756                       /usr/lib/x86_64-linux-gnu/libXau.so.6.0.0
7f6691a60000-7f6691a61000 rw-p 00003000 08:09 6756                       /usr/lib/x86_64-linux-gnu/libXau.so.6.0.0
7f6691a61000-7f6691a7e000 r-xp 00000000 08:09 7826                       /usr/lib/x86_64-linux-gnu/libxcb.so.1.1.0
7f6691a7e000-7f6691c7e000 ---p 0001d000 08:09 7826                       /usr/lib/x86_64-linux-gnu/libxcb.so.1.1.0
7f6691c7e000-7f6691c7f000 r--p 0001d000 08:09 7826                       /usr/lib/x86_64-linux-gnu/libxcb.so.1.1.0
7f6691c7f000-7f6691c80000 rw-p 0001e000 08:09 7826                       /usr/lib/x86_64-linux-gnu/libxcb.so.1.1.0
7f6691c80000-7f6691c8f000 r-xp 00000000 08:09 6777                       /usr/lib/x86_64-linux-gnu/libXi.so.6.1.0
7f6691c8f000-7f6691e8e000 ---p 0000f000 08:09 6777                       /usr/lib/x86_64-linux-gnu/libXi.so.6.1.0
7f6691e8e000-7f6691e8f000 r--p 0000e000 08:09 6777                       /usr/lib/x86_64-linux-gnu/libXi.so.6.1.0
7f6691e8f000-7f6691e90000 rw-p 0000f000 08:09 6777                       /usr/lib/x86_64-linux-gnu/libXi.so.6.1.0
7f6691e90000-7f6691e95000 r-xp 00000000 08:09 6797                       /usr/lib/x86_64-linux-gnu/libXtst.so.6.1.0
7f6691e95000-7f6692094000 ---p 00005000 08:09 6797                       /usr/lib/x86_64-linux-gnu/libXtst.so.6.1.0
7f6692094000-7f6692095000 r--p 00004000 08:09 6797                       /usr/lib/x86_64-linux-gnu/libXtst.so.6.1.0
7f6692095000-7f6692096000 rw-p 00005000 08:09 6797                       /usr/lib/x86_64-linux-gnu/libXtst.so.6.1.0
7f6692096000-7f669209f000 r-xp 00000000 08:09 6791                       /usr/lib/x86_64-linux-gnu/libXrender.so.1.3.0
7f669209f000-7f669229e000 ---p 00009000 08:09 6791                       /usr/lib/x86_64-linux-gnu/libXrender.so.1.3.0
7f669229e000-7f669229f000 r--p 00008000 08:09 6791                       /usr/lib/x86_64-linux-gnu/libXrender.so.1.3.0
7f669229f000-7f66922a0000 rw-p 00009000 08:09 6791                       /usr/lib/x86_64-linux-gnu/libXrender.so.1.3.0
7f66922a0000-7f66923d0000 r-xp 00000000 08:09 6752                       /usr/lib/x86_64-linux-gnu/libX11.so.6.3.0
7f66923d0000-7f66925d0000 ---p 00130000 08:09 6752                       /usr/lib/x86_64-linux-gnu/libX11.so.6.3.0
7f66925d0000-7f66925d1000 r--p 00130000 08:09 6752                       /usr/lib/x86_64-linux-gnu/libX11.so.6.3.0
7f66925d1000-7f66925d5000 rw-p 00131000 08:09 6752                       /usr/lib/x86_64-linux-gnu/libX11.so.6.3.0
7f66925d5000-7f66925e6000 r-xp 00000000 08:09 6769                       /usr/lib/x86_64-linux-gnu/libXext.so.6.4.0
7f66925e6000-7f66927e5000 ---p 00011000 08:09 6769                       /usr/lib/x86_64-linux-gnu/libXext.so.6.4.0
7f66927e5000-7f66927e6000 r--p 00010000 08:09 6769                       /usr/lib/x86_64-linux-gnu/libXext.so.6.4.0
7f66927e6000-7f66927e7000 rw-p 00011000 08:09 6769                       /usr/lib/x86_64-linux-gnu/libXext.so.6.4.0
7f66927e7000-7f669283b000 r-xp 00000000 08:09 950244                     /usr/local/java/jdk1.8.0_60/jre/lib/amd64/libawt_xawt.so
7f669283b000-7f6692a3b000 ---p 00054000 08:09 950244                     /usr/local/java/jdk1.8.0_60/jre/lib/amd64/libawt_xawt.so
7f6692a3b000-7f6692a3f000 rw-p 00054000 08:09 950244                     /usr/local/java/jdk1.8.0_60/jre/lib/amd64/libawt_xawt.so
7f6692a3f000-7f6692a40000 rw-p 00000000 00:00 0 
7f6692a40000-7f6692ae2000 r-xp 00000000 08:09 950225                     /usr/local/java/jdk1.8.0_60/jre/lib/amd64/libawt.so
7f6692ae2000-7f6692ce2000 ---p 000a2000 08:09 950225                     /usr/local/java/jdk1.8.0_60/jre/lib/amd64/libawt.so
7f6692ce2000-7f6692cee000 rw-p 000a2000 08:09 950225                     /usr/local/java/jdk1.8.0_60/jre/lib/amd64/libawt.so
7f6692cee000-7f6692d12000 rw-p 00000000 00:00 0 
7f6692d12000-7f6692d13000 ---p 00000000 00:00 0 
7f6692d13000-7f6692e13000 rw-p 00000000 00:00 0                          [stack:4336]
7f6692e13000-7f6692e16000 ---p 00000000 00:00 0 
7f6692e16000-7f6692f14000 rw-p 00000000 00:00 0                          [stack:4335]
7f6692f14000-7f6692f17000 ---p 00000000 00:00 0 
7f6692f17000-7f6693015000 rw-p 00000000 00:00 0                          [stack:4334]
7f6693015000-7f6693018000 ---p 00000000 00:00 0 
7f6693018000-7f6693116000 rw-p 00000000 00:00 0                          [stack:4333]
7f6693116000-7f6693119000 ---p 00000000 00:00 0 
7f6693119000-7f6693217000 rw-p 00000000 00:00 0                          [stack:4332]
7f6693217000-7f669321a000 ---p 00000000 00:00 0 
7f669321a000-7f6693318000 rw-p 00000000 00:00 0                          [stack:4331]
7f6693318000-7f66939fa000 r--p 00000000 08:09 4750                       /usr/lib/locale/locale-archive
7f66939fa000-7f66939fd000 ---p 00000000 00:00 0 
7f66939fd000-7f6693afb000 rw-p 00000000 00:00 0                          [stack:4330]
7f6693afb000-7f6693afe000 ---p 00000000 00:00 0 
7f6693afe000-7f6693bfc000 rw-p 00000000 00:00 0                          [stack:4329]
7f6693bfc000-7f6693bfd000 ---p 00000000 00:00 0 
7f6693bfd000-7f6694000000 rw-p 00000000 00:00 0                          [stack:4328]
7f6694000000-7f6694021000 rw-p 00000000 00:00 0 
7f6694021000-7f6698000000 ---p 00000000 00:00 0 
7f6698000000-7f6698021000 rw-p 00000000 00:00 0 
7f6698021000-7f669c000000 ---p 00000000 00:00 0 
7f669c012000-7f669c020000 r--s 00000000 08:09 2372027                    /var/cache/fontconfig/6aa41aa22e18b8fa06a12da28ea9c28b-le64.cache-4
7f669c020000-7f669c021000 r--s 00000000 08:09 2369854                    /var/cache/fontconfig/c05880de57d1f5e948fdfacc138775d9-le64.cache-4
7f669c021000-7f669c02c000 r--s 00000000 08:09 2369848                    /var/cache/fontconfig/945677eb7aeaf62f1d50efc3fb3ec7d8-le64.cache-4
7f669c02c000-7f669c032000 r--s 00000000 08:09 2369834                    /var/cache/fontconfig/2cd17615ca594fa2959ae173292e504c-le64.cache-4
7f669c032000-7f669c033000 r--s 00000000 08:09 2369864                    /var/cache/fontconfig/e7071f4a29fa870f4323321c154eba04-le64.cache-4
7f669c033000-7f669c03a000 r--s 00000000 08:09 2369851                    /var/cache/fontconfig/a755afe4a08bf5b97852ceb7400b47bc-le64.cache-4
7f669c03a000-7f669c03e000 r--s 00000000 08:09 2361021                    /var/cache/fontconfig/6d41288fd70b0be22e8c3a91e032eec0-le64.cache-4
7f669c03e000-7f66a0000000 rw-p 00000000 00:00 0 
7f66a0000000-7f66a0021000 rw-p 00000000 00:00 0 
7f66a0021000-7f66a4000000 ---p 00000000 00:00 0 
7f66a4000000-7f66a4001000 r--s 00000000 08:09 2369831                    /var/cache/fontconfig/0d8c3b2ac0904cb8a57a757ad11a4a08-le64.cache-4
7f66a4001000-7f66a4015000 r--s 00000000 08:09 2369829                    /var/cache/fontconfig/04aabc0a78ac019cf9454389977116d2-le64.cache-4
7f66a4015000-7f66a4016000 r--s 00000000 08:09 2369833                    /var/cache/fontconfig/1ac9eb803944fde146138c791f5cc56a-le64.cache-4
7f66a4016000-7f66a401a000 r--s 00000000 08:09 2369837                    /var/cache/fontconfig/385c0604a188198f04d133e54aba7fe7-le64.cache-4
7f66a401a000-7f66a401b000 r--s 00000000 08:09 2369861                    /var/cache/fontconfig/dc05db6664285cc2f12bf69c139ae4c3-le64.cache-4
7f66a401b000-7f66a401d000 r--s 00000000 08:09 2369845                    /var/cache/fontconfig/767a8244fc0220cfb567a839d0392e0b-le64.cache-4
7f66a401d000-7f66a401e000 r--s 00000000 08:09 2369839                    /var/cache/fontconfig/4794a0821666d79190d59a36cb4f44b5-le64.cache-4
7f66a401e000-7f66a4023000 r--s 00000000 08:09 2369847                    /var/cache/fontconfig/8801497958630a81b71ace7c5f9b32a8-le64.cache-4
7f66a4023000-7f66a402a000 r--s 00000000 08:09 2369835                    /var/cache/fontconfig/3047814df9a2f067bd2d96a2b9c36e5a-le64.cache-4
7f66a402a000-7f66a403d000 r--s 00000000 08:09 2369858                    /var/cache/fontconfig/d52a8644073d54c13679302ca1180695-le64.cache-4
7f66a403d000-7f66a4046000 r--s 00000000 08:09 2369838                    /var/cache/fontconfig/3f7329c5293ffd510edef78f73874cfd-le64.cache-4
7f66a4046000-7f66a4051000 r--s 00000000 08:09 2370687                    /var/cache/fontconfig/d589a48862398ed80a3d6066f4f56f4c-le64.cache-4
7f66a4051000-7f66a4068000 r--s 00000000 08:09 2369860                    /var/cache/fontconfig/e13b20fdb08344e0e664864cc2ede53d-le64.cache-4
7f66a4068000-7f66a4086000 r--s 00000000 08:09 2372041                    /var/cache/fontconfig/467c019e582ee353435ea5c21d137ef6-le64.cache-4
7f66a4086000-7f66a5000000 rw-p 00000000 00:00 0 
7f66a5000000-7f66a5640000 rwxp 00000000 00:00 0 
7f66a5640000-7f66b4000000 ---p 00000000 00:00 0 
7f66b4000000-7f66b42d2000 rw-p 00000000 00:00 0 
7f66b42d2000-7f66b8000000 ---p 00000000 00:00 0 
7f66b8000000-7f66b8006000 r--s 00000000 08:09 2369852                    /var/cache/fontconfig/b47c4e1ecd0709278f4910c18777a504-le64.cache-4
7f66b8006000-7f66b839a000 rw-p 00000000 00:00 0 
7f66b839a000-7f66b8572000 r--s 03d17000 08:09 950385                     /usr/local/java/jdk1.8.0_60/jre/lib/rt.jar
7f66b8572000-7f66b89c4000 rw-p 00000000 00:00 0 
7f66b89c4000-7f66b89c5000 ---p 00000000 00:00 0 
7f66b89c5000-7f66b8ac5000 rw-p 00000000 00:00 0                          [stack:4327]
7f66b8ac5000-7f66b8ac6000 ---p 00000000 00:00 0 
7f66b8ac6000-7f66b8bc6000 rw-p 00000000 00:00 0                          [stack:4326]
7f66b8bc6000-7f66b8bc7000 ---p 00000000 00:00 0 
7f66b8bc7000-7f66b8cc7000 rw-p 00000000 00:00 0                          [stack:4325]
7f66b8cc7000-7f66b8cc8000 ---p 00000000 00:00 0 
7f66b8cc8000-7f66b8df2000 rw-p 00000000 00:00 0                          [stack:4324]
7f66b8df2000-7f66b905b000 ---p 00000000 00:00 0 
7f66b905b000-7f66b9085000 rw-p 00000000 00:00 0 
7f66b9085000-7f66b92ed000 ---p 00000000 00:00 0 
7f66b92ed000-7f66b9303000 rw-p 00000000 00:00 0 
7f66b9303000-7f66b9437000 ---p 00000000 00:00 0 
7f66b9437000-7f66b9451000 rw-p 00000000 00:00 0 
7f66b9451000-7f66b97f8000 ---p 00000000 00:00 0 
7f66b97f8000-7f66b9812000 r-xp 00000000 08:09 950198                     /usr/local/java/jdk1.8.0_60/jre/lib/amd64/libzip.so
7f66b9812000-7f66b9a12000 ---p 0001a000 08:09 950198                     /usr/local/java/jdk1.8.0_60/jre/lib/amd64/libzip.so
7f66b9a12000-7f66b9a13000 rw-p 0001a000 08:09 950198                     /usr/local/java/jdk1.8.0_60/jre/lib/amd64/libzip.so
7f66b9a13000-7f66b9a1e000 r-xp 00000000 08:09 2228322                    /lib/x86_64-linux-gnu/libnss_files-2.19.so
7f66b9a1e000-7f66b9c1d000 ---p 0000b000 08:09 2228322                    /lib/x86_64-linux-gnu/libnss_files-2.19.so
7f66b9c1d000-7f66b9c1e000 r--p 0000a000 08:09 2228322                    /lib/x86_64-linux-gnu/libnss_files-2.19.so
7f66b9c1e000-7f66b9c1f000 rw-p 0000b000 08:09 2228322                    /lib/x86_64-linux-gnu/libnss_files-2.19.so
7f66b9c1f000-7f66b9c2a000 r-xp 00000000 08:09 2232302                    /lib/x86_64-linux-gnu/libnss_nis-2.19.so
7f66b9c2a000-7f66b9e29000 ---p 0000b000 08:09 2232302                    /lib/x86_64-linux-gnu/libnss_nis-2.19.so
7f66b9e29000-7f66b9e2a000 r--p 0000a000 08:09 2232302                    /lib/x86_64-linux-gnu/libnss_nis-2.19.so
7f66b9e2a000-7f66b9e2b000 rw-p 0000b000 08:09 2232302                    /lib/x86_64-linux-gnu/libnss_nis-2.19.so
7f66b9e2b000-7f66b9e42000 r-xp 00000000 08:09 2229227                    /lib/x86_64-linux-gnu/libnsl-2.19.so
7f66b9e42000-7f66ba041000 ---p 00017000 08:09 2229227                    /lib/x86_64-linux-gnu/libnsl-2.19.so
7f66ba041000-7f66ba042000 r--p 00016000 08:09 2229227                    /lib/x86_64-linux-gnu/libnsl-2.19.so
7f66ba042000-7f66ba043000 rw-p 00017000 08:09 2229227                    /lib/x86_64-linux-gnu/libnsl-2.19.so
7f66ba043000-7f66ba045000 rw-p 00000000 00:00 0 
7f66ba045000-7f66ba04e000 r-xp 00000000 08:09 2229226                    /lib/x86_64-linux-gnu/libnss_compat-2.19.so
7f66ba04e000-7f66ba24d000 ---p 00009000 08:09 2229226                    /lib/x86_64-linux-gnu/libnss_compat-2.19.so
7f66ba24d000-7f66ba24e000 r--p 00008000 08:09 2229226                    /lib/x86_64-linux-gnu/libnss_compat-2.19.so
7f66ba24e000-7f66ba24f000 rw-p 00009000 08:09 2229226                    /lib/x86_64-linux-gnu/libnss_compat-2.19.so
7f66ba24f000-7f66ba279000 r-xp 00000000 08:09 950207                     /usr/local/java/jdk1.8.0_60/jre/lib/amd64/libjava.so
7f66ba279000-7f66ba479000 ---p 0002a000 08:09 950207                     /usr/local/java/jdk1.8.0_60/jre/lib/amd64/libjava.so
7f66ba479000-7f66ba47b000 rw-p 0002a000 08:09 950207                     /usr/local/java/jdk1.8.0_60/jre/lib/amd64/libjava.so
7f66ba47b000-7f66ba488000 r-xp 00000000 08:09 950224                     /usr/local/java/jdk1.8.0_60/jre/lib/amd64/libverify.so
7f66ba488000-7f66ba688000 ---p 0000d000 08:09 950224                     /usr/local/java/jdk1.8.0_60/jre/lib/amd64/libverify.so
7f66ba688000-7f66ba68a000 rw-p 0000d000 08:09 950224                     /usr/local/java/jdk1.8.0_60/jre/lib/amd64/libverify.so
7f66ba68a000-7f66ba691000 r-xp 00000000 08:09 2232299                    /lib/x86_64-linux-gnu/librt-2.19.so
7f66ba691000-7f66ba890000 ---p 00007000 08:09 2232299                    /lib/x86_64-linux-gnu/librt-2.19.so
7f66ba890000-7f66ba891000 r--p 00006000 08:09 2232299                    /lib/x86_64-linux-gnu/librt-2.19.so
7f66ba891000-7f66ba892000 rw-p 00007000 08:09 2232299                    /lib/x86_64-linux-gnu/librt-2.19.so
7f66ba892000-7f66ba997000 r-xp 00000000 08:09 2228321                    /lib/x86_64-linux-gnu/libm-2.19.so
7f66ba997000-7f66bab96000 ---p 00105000 08:09 2228321                    /lib/x86_64-linux-gnu/libm-2.19.so
7f66bab96000-7f66bab97000 r--p 00104000 08:09 2228321                    /lib/x86_64-linux-gnu/libm-2.19.so
7f66bab97000-7f66bab98000 rw-p 00105000 08:09 2228321                    /lib/x86_64-linux-gnu/libm-2.19.so
7f66bab98000-7f66bb856000 r-xp 00000000 08:09 950213                     /usr/local/java/jdk1.8.0_60/jre/lib/amd64/server/libjvm.so
7f66bb856000-7f66bba55000 ---p 00cbe000 08:09 950213                     /usr/local/java/jdk1.8.0_60/jre/lib/amd64/server/libjvm.so
7f66bba55000-7f66bbb2d000 rw-p 00cbd000 08:09 950213                     /usr/local/java/jdk1.8.0_60/jre/lib/amd64/server/libjvm.so
7f66bbb2d000-7f66bbb72000 rw-p 00000000 00:00 0 
7f66bbb72000-7f66bbd2d000 r-xp 00000000 08:09 2229234                    /lib/x86_64-linux-gnu/libc-2.19.so
7f66bbd2d000-7f66bbf2c000 ---p 001bb000 08:09 2229234                    /lib/x86_64-linux-gnu/libc-2.19.so
7f66bbf2c000-7f66bbf30000 r--p 001ba000 08:09 2229234                    /lib/x86_64-linux-gnu/libc-2.19.so
7f66bbf30000-7f66bbf32000 rw-p 001be000 08:09 2229234                    /lib/x86_64-linux-gnu/libc-2.19.so
7f66bbf32000-7f66bbf37000 rw-p 00000000 00:00 0 
7f66bbf37000-7f66bbf3a000 r-xp 00000000 08:09 2228325                    /lib/x86_64-linux-gnu/libdl-2.19.so
7f66bbf3a000-7f66bc139000 ---p 00003000 08:09 2228325                    /lib/x86_64-linux-gnu/libdl-2.19.so
7f66bc139000-7f66bc13a000 r--p 00002000 08:09 2228325                    /lib/x86_64-linux-gnu/libdl-2.19.so
7f66bc13a000-7f66bc13b000 rw-p 00003000 08:09 2228325                    /lib/x86_64-linux-gnu/libdl-2.19.so
7f66bc13b000-7f66bc150000 r-xp 00000000 08:09 951151                     /usr/local/java/jdk1.8.0_60/lib/amd64/jli/libjli.so
7f66bc150000-7f66bc350000 ---p 00015000 08:09 951151                     /usr/local/java/jdk1.8.0_60/lib/amd64/jli/libjli.so
7f66bc350000-7f66bc351000 rw-p 00015000 08:09 951151                     /usr/local/java/jdk1.8.0_60/lib/amd64/jli/libjli.so
7f66bc351000-7f66bc36a000 r-xp 00000000 08:09 2229235                    /lib/x86_64-linux-gnu/libpthread-2.19.so
7f66bc36a000-7f66bc569000 ---p 00019000 08:09 2229235                    /lib/x86_64-linux-gnu/libpthread-2.19.so
7f66bc569000-7f66bc56a000 r--p 00018000 08:09 2229235                    /lib/x86_64-linux-gnu/libpthread-2.19.so
7f66bc56a000-7f66bc56b000 rw-p 00019000 08:09 2229235                    /lib/x86_64-linux-gnu/libpthread-2.19.so
7f66bc56b000-7f66bc56f000 rw-p 00000000 00:00 0 
7f66bc56f000-7f66bc592000 r-xp 00000000 08:09 2229230                    /lib/x86_64-linux-gnu/ld-2.19.so
7f66bc592000-7f66bc593000 r--s 00000000 08:09 2369841                    /var/cache/fontconfig/56cf4f4769d0f4abc89a4895d7bd3ae1-le64.cache-4
7f66bc593000-7f66bc594000 r--s 00000000 08:09 2369853                    /var/cache/fontconfig/b9d506c9ac06c20b433354fa67a72993-le64.cache-4
7f66bc594000-7f66bc598000 r--s 00000000 08:09 2372026                    /var/cache/fontconfig/7ef2298fde41cc6eeb7af42e48b7d293-le64.cache-4
7f66bc598000-7f66bc59a000 r--s 00000000 08:09 2372044                    /var/cache/fontconfig/16326683038b281783a0ef8c680e3a10-le64.cache-4
7f66bc59a000-7f66bc5a7000 r--s 00000000 08:09 2372043                    /var/cache/fontconfig/8f02d4cb045bd6ce15663e43f347c9f8-le64.cache-4
7f66bc5a7000-7f66bc672000 rw-p 00000000 00:00 0 
7f66bc672000-7f66bc675000 ---p 00000000 00:00 0 
7f66bc675000-7f66bc777000 rw-p 00000000 00:00 0                          [stack:4323]
7f66bc777000-7f66bc778000 r--s 00000000 08:09 2369830                    /var/cache/fontconfig/0c9eb80ebd1c36541ebe2852d3bb0c49-le64.cache-4
7f66bc778000-7f66bc779000 r--s 00000000 08:09 2372042                    /var/cache/fontconfig/e0aa53bcfa504e64f87823c16bc01eb6-le64.cache-4
7f66bc779000-7f66bc77f000 r--s 002f8000 08:09 950158                     /usr/local/java/jdk1.8.0_60/jre/lib/charsets.jar
7f66bc77f000-7f66bc785000 r--s 0007f000 08:09 1060044                    /home/sarthak/NetBeansProjects/mysql-connector-java-5.0.8-bin.jar
7f66bc785000-7f66bc78d000 rw-s 00000000 08:09 828147                     /tmp/hsperfdata_sarthak/4319
7f66bc78d000-7f66bc78e000 rw-p 00000000 00:00 0 
7f66bc78e000-7f66bc78f000 r--p 00000000 00:00 0 
7f66bc78f000-7f66bc791000 rw-p 00000000 00:00 0 
7f66bc791000-7f66bc792000 r--p 00022000 08:09 2229230                    /lib/x86_64-linux-gnu/ld-2.19.so
7f66bc792000-7f66bc793000 rw-p 00023000 08:09 2229230                    /lib/x86_64-linux-gnu/ld-2.19.so
7f66bc793000-7f66bc794000 rw-p 00000000 00:00 0 
7fffba35f000-7fffba381000 rw-p 00000000 00:00 0                          [stack]
7fffba3a0000-7fffba3a2000 r-xp 00000000 00:00 0                          [vdso]
ffffffffff600000-ffffffffff601000 r-xp 00000000 00:00 0                  [vsyscall]

VM Arguments:
jvm_args: -Dfile.encoding=UTF-8 
java_command: Home
java_class_path (initial): /home/sarthak/NetBeansProjects/mysql-connector-java-5.0.8-bin.jar:/home/sarthak/NetBeansProjects/Typeracer1/build/classes
Launcher Type: SUN_STANDARD

Environment Variables:
JRE_HOME=/usr/local/java/jre1.8.0_60
PATH=/usr/local/sbin:/usr/local/bin:/usr/sbin:/usr/bin:/sbin:/bin:/usr/games:/usr/local/games:/home/sarthak/bin:/bin:/home/sarthak/bin:/usr/local/java/jdk1.8.0_60/bin:/home/sarthak/bin:/usr/local/java/jre1.8.0_60/bin
LD_LIBRARY_PATH=/usr/local/java/jdk1.8.0_60//jre/lib/amd64:/usr/local/java/jdk1.8.0_60//jre/lib/i386:
SHELL=/bin/bash
DISPLAY=:0

Signal Handlers:
SIGSEGV: [libjvm.so+0xaba070], sa_mask[0]=11111111011111111101111111111110, sa_flags=SA_RESTART|SA_SIGINFO
SIGBUS: [libjvm.so+0xaba070], sa_mask[0]=11111111011111111101111111111110, sa_flags=SA_RESTART|SA_SIGINFO
SIGFPE: [libjvm.so+0x917630], sa_mask[0]=11111111011111111101111111111110, sa_flags=SA_RESTART|SA_SIGINFO
SIGPIPE: [libjvm.so+0x917630], sa_mask[0]=11111111011111111101111111111110, sa_flags=SA_RESTART|SA_SIGINFO
SIGXFSZ: [libjvm.so+0x917630], sa_mask[0]=11111111011111111101111111111110, sa_flags=SA_RESTART|SA_SIGINFO
SIGILL: [libjvm.so+0x917630], sa_mask[0]=11111111011111111101111111111110, sa_flags=SA_RESTART|SA_SIGINFO
SIGUSR1: SIG_DFL, sa_mask[0]=00000000000000000000000000000000, sa_flags=none
SIGUSR2: [libjvm.so+0x918c60], sa_mask[0]=00100000000000000000000000000000, sa_flags=SA_RESTART|SA_SIGINFO
SIGHUP: [libjvm.so+0x91a060], sa_mask[0]=11111111011111111101111111111110, sa_flags=SA_RESTART|SA_SIGINFO
SIGINT: SIG_IGN, sa_mask[0]=00000000000000000000000000000000, sa_flags=none
SIGTERM: [libjvm.so+0x91a060], sa_mask[0]=11111111011111111101111111111110, sa_flags=SA_RESTART|SA_SIGINFO
SIGQUIT: [libjvm.so+0x91a060], sa_mask[0]=11111111011111111101111111111110, sa_flags=SA_RESTART|SA_SIGINFO


---------------  S Y S T E M  ---------------

OS:DISTRIB_ID=Ubuntu
DISTRIB_RELEASE=14.04
DISTRIB_CODENAME=trusty
DISTRIB_DESCRIPTION="Ubuntu 14.04.1 LTS"

uname:Linux 3.13.0-32-generic #57-Ubuntu SMP Tue Jul 15 03:51:08 UTC 2014 x86_64
libc:glibc 2.19 NPTL 2.19 
rlimit: STACK 8192k, CORE 0k, NPROC 62382, NOFILE 4096, AS infinity
load average:1.14 1.36 1.40

/proc/meminfo:
MemTotal:        8086540 kB
MemFree:         3882804 kB
Buffers:          166840 kB
Cached:           991512 kB
SwapCached:            0 kB
Active:          3122332 kB
Inactive:         832432 kB
Active(anon):    2799304 kB
Inactive(anon):   114100 kB
Active(file):     323028 kB
Inactive(file):   718332 kB
Unevictable:          48 kB
Mlocked:              48 kB
SwapTotal:       2104316 kB
SwapFree:        2104316 kB
Dirty:               264 kB
Writeback:             0 kB
AnonPages:       2796444 kB
Mapped:           166040 kB
Shmem:            116996 kB
Slab:             131944 kB
SReclaimable:      96636 kB
SUnreclaim:        35308 kB
KernelStack:        4336 kB
PageTables:        21764 kB
NFS_Unstable:          0 kB
Bounce:                0 kB
WritebackTmp:          0 kB
CommitLimit:     6147584 kB
Committed_AS:    5486888 kB
VmallocTotal:   34359738367 kB
VmallocUsed:      412348 kB
VmallocChunk:   34359315448 kB
HardwareCorrupted:     0 kB
AnonHugePages:   2086912 kB
HugePages_Total:       0
HugePages_Free:        0
HugePages_Rsvd:        0
HugePages_Surp:        0
Hugepagesize:       2048 kB
DirectMap4k:       73528 kB
DirectMap2M:     2981888 kB
DirectMap1G:     5242880 kB


CPU:total 4 (2 cores per cpu, 2 threads per core) family 6 model 61 stepping 4, cmov, cx8, fxsr, mmx, sse, sse2, sse3, ssse3, sse4.1, sse4.2, popcnt, avx, avx2, aes, clmul, erms, 3dnowpref, lzcnt, ht, tsc, tscinvbit, bmi1, bmi2, adx

/proc/cpuinfo:
processor	: 0
vendor_id	: GenuineIntel
cpu family	: 6
model		: 61
model name	: Intel(R) Core(TM) i5-5200U CPU @ 2.20GHz
stepping	: 4
microcode	: 0x12
cpu MHz		: 2201.000
cache size	: 3072 KB
physical id	: 0
siblings	: 4
core id		: 0
cpu cores	: 2
apicid		: 0
initial apicid	: 0
fpu		: yes
fpu_exception	: yes
cpuid level	: 20
wp		: yes
flags		: fpu vme de pse tsc msr pae mce cx8 apic sep mtrr pge mca cmov pat pse36 clflush dts acpi mmx fxsr sse sse2 ss ht tm pbe syscall nx pdpe1gb rdtscp lm constant_tsc arch_perfmon pebs bts rep_good nopl xtopology nonstop_tsc aperfmperf eagerfpu pni pclmulqdq dtes64 monitor ds_cpl vmx est tm2 ssse3 fma cx16 xtpr pdcm pcid sse4_1 sse4_2 x2apic movbe popcnt tsc_deadline_timer aes xsave avx f16c rdrand lahf_lm abm 3dnowprefetch ida arat epb xsaveopt pln pts dtherm tpr_shadow vnmi flexpriority ept vpid fsgsbase tsc_adjust bmi1 avx2 smep bmi2 erms invpcid rdseed adx smap
bogomips	: 4389.94
clflush size	: 64
cache_alignment	: 64
address sizes	: 39 bits physical, 48 bits virtual
power management:

processor	: 1
vendor_id	: GenuineIntel
cpu family	: 6
model		: 61
model name	: Intel(R) Core(TM) i5-5200U CPU @ 2.20GHz
stepping	: 4
microcode	: 0x12
cpu MHz		: 2201.000
cache size	: 3072 KB
physical id	: 0
siblings	: 4
core id		: 1
cpu cores	: 2
apicid		: 2
initial apicid	: 2
fpu		: yes
fpu_exception	: yes
cpuid level	: 20
wp		: yes
flags		: fpu vme de pse tsc msr pae mce cx8 apic sep mtrr pge mca cmov pat pse36 clflush dts acpi mmx fxsr sse sse2 ss ht tm pbe syscall nx pdpe1gb rdtscp lm constant_tsc arch_perfmon pebs bts rep_good nopl xtopology nonstop_tsc aperfmperf eagerfpu pni pclmulqdq dtes64 monitor ds_cpl vmx est tm2 ssse3 fma cx16 xtpr pdcm pcid sse4_1 sse4_2 x2apic movbe popcnt tsc_deadline_timer aes xsave avx f16c rdrand lahf_lm abm 3dnowprefetch ida arat epb xsaveopt pln pts dtherm tpr_shadow vnmi flexpriority ept vpid fsgsbase tsc_adjust bmi1 avx2 smep bmi2 erms invpcid rdseed adx smap
bogomips	: 4389.94
clflush size	: 64
cache_alignment	: 64
address sizes	: 39 bits physical, 48 bits virtual
power management:

processor	: 2
vendor_id	: GenuineIntel
cpu family	: 6
model		: 61
model name	: Intel(R) Core(TM) i5-5200U CPU @ 2.20GHz
stepping	: 4
microcode	: 0x12
cpu MHz		: 2201.000
cache size	: 3072 KB
physical id	: 0
siblings	: 4
core id		: 0
cpu cores	: 2
apicid		: 1
initial apicid	: 1
fpu		: yes
fpu_exception	: yes
cpuid level	: 20
wp		: yes
flags		: fpu vme de pse tsc msr pae mce cx8 apic sep mtrr pge mca cmov pat pse36 clflush dts acpi mmx fxsr sse sse2 ss ht tm pbe syscall nx pdpe1gb rdtscp lm constant_tsc arch_perfmon pebs bts rep_good nopl xtopology nonstop_tsc aperfmperf eagerfpu pni pclmulqdq dtes64 monitor ds_cpl vmx est tm2 ssse3 fma cx16 xtpr pdcm pcid sse4_1 sse4_2 x2apic movbe popcnt tsc_deadline_timer aes xsave avx f16c rdrand lahf_lm abm 3dnowprefetch ida arat epb xsaveopt pln pts dtherm tpr_shadow vnmi flexpriority ept vpid fsgsbase tsc_adjust bmi1 avx2 smep bmi2 erms invpcid rdseed adx smap
bogomips	: 4389.94
clflush size	: 64
cache_alignment	: 64
address sizes	: 39 bits physical, 48 bits virtual
power management:

processor	: 3
vendor_id	: GenuineIntel
cpu family	: 6
model		: 61
model name	: Intel(R) Core(TM) i5-5200U CPU @ 2.20GHz
stepping	: 4
microcode	: 0x12
cpu MHz		: 2201.000
cache size	: 3072 KB
physical id	: 0
siblings	: 4
core id		: 1
cpu cores	: 2
apicid		: 3
initial apicid	: 3
fpu		: yes
fpu_exception	: yes
cpuid level	: 20
wp		: yes
flags		: fpu vme de pse tsc msr pae mce cx8 apic sep mtrr pge mca cmov pat pse36 clflush dts acpi mmx fxsr sse sse2 ss ht tm pbe syscall nx pdpe1gb rdtscp lm constant_tsc arch_perfmon pebs bts rep_good nopl xtopology nonstop_tsc aperfmperf eagerfpu pni pclmulqdq dtes64 monitor ds_cpl vmx est tm2 ssse3 fma cx16 xtpr pdcm pcid sse4_1 sse4_2 x2apic movbe popcnt tsc_deadline_timer aes xsave avx f16c rdrand lahf_lm abm 3dnowprefetch ida arat epb xsaveopt pln pts dtherm tpr_shadow vnmi flexpriority ept vpid fsgsbase tsc_adjust bmi1 avx2 smep bmi2 erms invpcid rdseed adx smap
bogomips	: 4389.94
clflush size	: 64
cache_alignment	: 64
address sizes	: 39 bits physical, 48 bits virtual
power management:



Memory: 4k page, physical 8086540k(3882804k free), swap 2104316k(2104316k free)

vm_info: Java HotSpot(TM) 64-Bit Server VM (25.60-b23) for linux-amd64 JRE (1.8.0_60-b27), built on Aug  4 2015 12:19:40 by "java_re" with gcc 4.3.0 20080428 (Red Hat 4.3.0-8)

time: Sun Oct 11 02:36:37 2015
elapsed time: 13429 seconds (0d 3h 43m 49s)

